<?xml version="1.0" encoding="UTF-8"?>
<!-- Generated by org.testng.reporters.JUnitReportReporter -->
<testsuite hostname="LAPTOP-VHN20HQL" failures="0" tests="1" name="com.TestCase.TC001_Account_RegistrationTest" time="1.977" errors="0" timestamp="2025-02-17T23:22:57 IST" skipped="0">
  <testcase classname="com.TestCase.TC001_Account_RegistrationTest" name="verify_Account_RegistraionUsingRandomData" time="1.977"/>
</testsuite> <!-- com.TestCase.TC001_Account_RegistrationTest -->
